<!DOCTYPE html PUBLIC "-//W3C//DTD XHTML 1.1//EN" "http://www.w3.org/TR/xhtml11/DTD/xhtml11.dtd">
<html xmlns="http://www.w3.org/1999/xhtml"><head><title>TestNG Report</title><style type="text/css">table {margin-bottom:10px;border-collapse:collapse;empty-cells:show}th,td {border:1px solid #009;padding:.25em .5em}th {vertical-align:bottom}td {vertical-align:top}table a {font-weight:bold}.stripe td {background-color: #E6EBF9}.num {text-align:right}.passedodd td {background-color: #3F3}.passedeven td {background-color: #0A0}.skippedodd td {background-color: #DDD}.skippedeven td {background-color: #CCC}.failedodd td,.attn {background-color: #F33}.failedeven td,.stripe .attn {background-color: #D00}.stacktrace {white-space:pre;font-family:monospace}.totop {font-size:85%;text-align:center;border-bottom:2px solid #000}</style></head><body><table><tr><th>Test</th><th># Passed</th><th># Skipped</th><th># Failed</th><th>Time (ms)</th><th>Included Groups</th><th>Excluded Groups</th></tr><tr><th colspan="7">Default suite</th></tr><tr><td><a href="#t0">Default test</a></td><td class="num">0</td><td class="num attn">10</td><td class="num">0</td><td class="num">2 857</td><td></td><td></td></tr></table><table><thead><tr><th>Class</th><th>Method</th><th>Start</th><th>Time (ms)</th></tr></thead><tbody><tr><th colspan="4">Default suite</th></tr></tbody><tbody id="t0"><tr><th colspan="4">Default test &#8212; failed (configuration methods)</th></tr><tr class="failedeven"><td rowspan="1">com.example.tests.GroupCreationTests</td><td><a href="#m0">setUp</a></td><td rowspan="1">1446035761177</td><td rowspan="1">0</td></tr><tr><th colspan="4">Default test &#8212; skipped (configuration methods)</th></tr><tr class="skippedeven"><td rowspan="1">com.example.tests.GroupCreationTests</td><td><a href="#m1">tearDown</a></td><td rowspan="1">1446035764030</td><td rowspan="1">0</td></tr><tr><th colspan="4">Default test &#8212; skipped</th></tr><tr class="skippedeven"><td rowspan="10">com.example.tests.GroupCreationTests</td><td><a href="#m2">testGroupCreationWithValidDate</a></td><td rowspan="10">1446035764023</td><td rowspan="10">1</td></tr><tr class="skippedeven"><td><a href="#m3">testGroupCreationWithValidDate</a></td></tr><tr class="skippedeven"><td><a href="#m4">testGroupCreationWithValidDate</a></td></tr><tr class="skippedeven"><td><a href="#m5">testGroupCreationWithValidDate</a></td></tr><tr class="skippedeven"><td><a href="#m6">testGroupCreationWithValidDate</a></td></tr><tr class="skippedeven"><td><a href="#m7">testGroupCreationWithValidDate</a></td></tr><tr class="skippedeven"><td><a href="#m8">testGroupCreationWithValidDate</a></td></tr><tr class="skippedeven"><td><a href="#m9">testGroupCreationWithValidDate</a></td></tr><tr class="skippedeven"><td><a href="#m10">testGroupCreationWithValidDate</a></td></tr><tr class="skippedeven"><td><a href="#m11">testGroupCreationWithValidDate</a></td></tr></tbody></table><h2>Default test</h2><h3 id="m0">com.example.tests.GroupCreationTests#setUp</h3><table class="result"><tr><th>Exception</th></tr><tr><td><div class="stacktrace">java.lang.ExceptionInInitializerError
	at com.example.fw.HibernateUtil.buildSessionFactory(HibernateUtil.java:18)
	at com.example.fw.HibernateUtil.&lt;clinit&gt;(HibernateUtil.java:8)
	at com.example.fw.HibernateHelper.listGroups(HibernateHelper.java:17)
	at com.example.fw.ApplicationManager.&lt;init&gt;(ApplicationManager.java:24)
	at com.example.tests.TestBase.setUp(TestBase.java:29)
	at sun.reflect.NativeMethodAccessorImpl.invoke0(Native Method)
	at sun.reflect.NativeMethodAccessorImpl.invoke(Unknown Source)
	at sun.reflect.DelegatingMethodAccessorImpl.invoke(Unknown Source)
	at java.lang.reflect.Method.invoke(Unknown Source)
	at org.testng.internal.MethodInvocationHelper.invokeMethod(MethodInvocationHelper.java:85)
	at org.testng.internal.Invoker.invokeConfigurationMethod(Invoker.java:510)
	at org.testng.internal.Invoker.invokeConfigurations(Invoker.java:211)
	at org.testng.internal.Invoker.invokeConfigurations(Invoker.java:138)
	at org.testng.TestRunner.beforeRun(TestRunner.java:647)
	at org.testng.TestRunner.run(TestRunner.java:615)
	at org.testng.SuiteRunner.runTest(SuiteRunner.java:359)
	at org.testng.SuiteRunner.runSequentially(SuiteRunner.java:354)
	at org.testng.SuiteRunner.privateRun(SuiteRunner.java:312)
	at org.testng.SuiteRunner.run(SuiteRunner.java:261)
	at org.testng.SuiteRunnerWorker.runSuite(SuiteRunnerWorker.java:52)
	at org.testng.SuiteRunnerWorker.run(SuiteRunnerWorker.java:86)
	at org.testng.TestNG.runSuitesSequentially(TestNG.java:1185)
	at org.testng.TestNG.runSuitesLocally(TestNG.java:1110)
	at org.testng.TestNG.run(TestNG.java:1018)
	at org.testng.remote.RemoteTestNG.run(RemoteTestNG.java:112)
	at org.testng.remote.RemoteTestNG.initAndRun(RemoteTestNG.java:205)
	at org.testng.remote.RemoteTestNG.main(RemoteTestNG.java:176)
Caused by: org.hibernate.MappingException: Could not get constructor for org.hibernate.persister.entity.SingleTableEntityPersister
	at org.hibernate.persister.internal.PersisterFactoryImpl.createEntityPersister(PersisterFactoryImpl.java:123)
	at org.hibernate.persister.internal.PersisterFactoryImpl.createEntityPersister(PersisterFactoryImpl.java:77)
	at org.hibernate.internal.SessionFactoryImpl.&lt;init&gt;(SessionFactoryImpl.java:346)
	at org.hibernate.boot.internal.SessionFactoryBuilderImpl.build(SessionFactoryBuilderImpl.java:444)
	at org.hibernate.cfg.Configuration.buildSessionFactory(Configuration.java:708)
	at org.hibernate.cfg.Configuration.buildSessionFactory(Configuration.java:724)
	at com.example.fw.HibernateUtil.buildSessionFactory(HibernateUtil.java:13)
	... 26 more
Caused by: org.hibernate.HibernateException: Unable to instantiate default tuplizer [org.hibernate.tuple.entity.PojoEntityTuplizer]
	at org.hibernate.tuple.entity.EntityTuplizerFactory.constructTuplizer(EntityTuplizerFactory.java:91)
	at org.hibernate.tuple.entity.EntityTuplizerFactory.constructDefaultTuplizer(EntityTuplizerFactory.java:116)
	at org.hibernate.tuple.entity.EntityMetamodel.&lt;init&gt;(EntityMetamodel.java:388)
	at org.hibernate.persister.entity.AbstractEntityPersister.&lt;init&gt;(AbstractEntityPersister.java:508)
	at org.hibernate.persister.entity.SingleTableEntityPersister.&lt;init&gt;(SingleTableEntityPersister.java:124)
	at sun.reflect.NativeConstructorAccessorImpl.newInstance0(Native Method)
	at sun.reflect.NativeConstructorAccessorImpl.newInstance(Unknown Source)
	at sun.reflect.DelegatingConstructorAccessorImpl.newInstance(Unknown Source)
	at java.lang.reflect.Constructor.newInstance(Unknown Source)
	at org.hibernate.persister.internal.PersisterFactoryImpl.createEntityPersister(PersisterFactoryImpl.java:96)
	... 32 more
Caused by: java.lang.reflect.InvocationTargetException
	at sun.reflect.NativeConstructorAccessorImpl.newInstance0(Native Method)
	at sun.reflect.NativeConstructorAccessorImpl.newInstance(Unknown Source)
	at sun.reflect.DelegatingConstructorAccessorImpl.newInstance(Unknown Source)
	at java.lang.reflect.Constructor.newInstance(Unknown Source)
	at org.hibernate.tuple.entity.EntityTuplizerFactory.constructTuplizer(EntityTuplizerFactory.java:88)
	... 41 more
Caused by: org.hibernate.PropertyNotFoundException: Could not locate getter method for property [com.example.tests.ContactData#bDay]
	at org.hibernate.internal.util.ReflectHelper.findGetterMethod(ReflectHelper.java:400)
	at org.hibernate.property.access.internal.PropertyAccessBasicImpl.&lt;init&gt;(PropertyAccessBasicImpl.java:41)
	at org.hibernate.property.access.internal.PropertyAccessStrategyBasicImpl.buildPropertyAccess(PropertyAccessStrategyBasicImpl.java:27)
	at org.hibernate.mapping.Property.getGetter(Property.java:299)
	at org.hibernate.tuple.entity.PojoEntityTuplizer.buildPropertyGetter(PojoEntityTuplizer.java:270)
	at org.hibernate.tuple.entity.AbstractEntityTuplizer.&lt;init&gt;(AbstractEntityTuplizer.java:145)
	at org.hibernate.tuple.entity.PojoEntityTuplizer.&lt;init&gt;(PojoEntityTuplizer.java:63)
	... 46 more
</div></td></tr></table><p class="totop"><a href="#summary">back to summary</a></p><h3 id="m1">com.example.tests.GroupCreationTests#tearDown</h3><table class="result"></table><p class="totop"><a href="#summary">back to summary</a></p><h3 id="m2">com.example.tests.GroupCreationTests#testGroupCreationWithValidDate</h3><table class="result"><tr class="param"><th>Parameter #1</th></tr><tr class="param stripe"><td>GroupData [name=test-187779000, header=test-1725940652, footer=test-1897768215]</td></tr></table><p class="totop"><a href="#summary">back to summary</a></p><h3 id="m3">com.example.tests.GroupCreationTests#testGroupCreationWithValidDate</h3><table class="result"><tr class="param"><th>Parameter #1</th></tr><tr class="param stripe"><td>GroupData [name=, header=test269204306, footer=]</td></tr></table><p class="totop"><a href="#summary">back to summary</a></p><h3 id="m4">com.example.tests.GroupCreationTests#testGroupCreationWithValidDate</h3><table class="result"><tr class="param"><th>Parameter #1</th></tr><tr class="param stripe"><td>GroupData [name=test1071839584, header=test-1321854102, footer=test-868575203]</td></tr></table><p class="totop"><a href="#summary">back to summary</a></p><h3 id="m5">com.example.tests.GroupCreationTests#testGroupCreationWithValidDate</h3><table class="result"><tr class="param"><th>Parameter #1</th></tr><tr class="param stripe"><td>GroupData [name=, header=test817358869, footer=]</td></tr></table><p class="totop"><a href="#summary">back to summary</a></p><h3 id="m6">com.example.tests.GroupCreationTests#testGroupCreationWithValidDate</h3><table class="result"><tr class="param"><th>Parameter #1</th></tr><tr class="param stripe"><td>GroupData [name=test1062828369, header=, footer=test-997980301]</td></tr></table><p class="totop"><a href="#summary">back to summary</a></p><h3 id="m7">com.example.tests.GroupCreationTests#testGroupCreationWithValidDate</h3><table class="result"><tr class="param"><th>Parameter #1</th></tr><tr class="param stripe"><td>GroupData [name=test-948382892, header=test-1060168292, footer=test654111719]</td></tr></table><p class="totop"><a href="#summary">back to summary</a></p><h3 id="m8">com.example.tests.GroupCreationTests#testGroupCreationWithValidDate</h3><table class="result"><tr class="param"><th>Parameter #1</th></tr><tr class="param stripe"><td>GroupData [name=test1481458308, header=, footer=]</td></tr></table><p class="totop"><a href="#summary">back to summary</a></p><h3 id="m9">com.example.tests.GroupCreationTests#testGroupCreationWithValidDate</h3><table class="result"><tr class="param"><th>Parameter #1</th></tr><tr class="param stripe"><td>GroupData [name=test-1568777181, header=, footer=test1697648198]</td></tr></table><p class="totop"><a href="#summary">back to summary</a></p><h3 id="m10">com.example.tests.GroupCreationTests#testGroupCreationWithValidDate</h3><table class="result"><tr class="param"><th>Parameter #1</th></tr><tr class="param stripe"><td>GroupData [name=test1166151675, header=test-2046113726, footer=test1192025033]</td></tr></table><p class="totop"><a href="#summary">back to summary</a></p><h3 id="m11">com.example.tests.GroupCreationTests#testGroupCreationWithValidDate</h3><table class="result"><tr class="param"><th>Parameter #1</th></tr><tr class="param stripe"><td>GroupData [name=test-262916633, header=test-1953012522, footer=]</td></tr></table><p class="totop"><a href="#summary">back to summary</a></p></body></html>