<?xml version="1.0" encoding="UTF-8"?>
<testng-results skipped="10" failed="0" total="10" passed="0">
  <reporter-output>
  </reporter-output>
  <suite name="Default suite" duration-ms="2857" started-at="2015-10-28T12:36:01Z" finished-at="2015-10-28T12:36:04Z">
    <groups>
    </groups>
    <test name="Default test" duration-ms="2857" started-at="2015-10-28T12:36:01Z" finished-at="2015-10-28T12:36:04Z">
      <class name="com.example.tests.GroupCreationTests">
        <test-method status="FAIL" signature="setUp()[pri:0, instance:com.example.tests.GroupCreationTests@2aafb23c]" name="setUp" is-config="true" duration-ms="0" started-at="2015-10-28T14:36:01Z" finished-at="2015-10-28T14:36:01Z">
          <exception class="java.lang.ExceptionInInitializerError">
            <full-stacktrace>
              <![CDATA[java.lang.ExceptionInInitializerError
	at com.example.fw.HibernateUtil.buildSessionFactory(HibernateUtil.java:18)
	at com.example.fw.HibernateUtil.<clinit>(HibernateUtil.java:8)
	at com.example.fw.HibernateHelper.listGroups(HibernateHelper.java:17)
	at com.example.fw.ApplicationManager.<init>(ApplicationManager.java:24)
	at com.example.tests.TestBase.setUp(TestBase.java:29)
	at sun.reflect.NativeMethodAccessorImpl.invoke0(Native Method)
	at sun.reflect.NativeMethodAccessorImpl.invoke(Unknown Source)
	at sun.reflect.DelegatingMethodAccessorImpl.invoke(Unknown Source)
	at java.lang.reflect.Method.invoke(Unknown Source)
	at org.testng.internal.MethodInvocationHelper.invokeMethod(MethodInvocationHelper.java:85)
	at org.testng.internal.Invoker.invokeConfigurationMethod(Invoker.java:510)
	at org.testng.internal.Invoker.invokeConfigurations(Invoker.java:211)
	at org.testng.internal.Invoker.invokeConfigurations(Invoker.java:138)
	at org.testng.TestRunner.beforeRun(TestRunner.java:647)
	at org.testng.TestRunner.run(TestRunner.java:615)
	at org.testng.SuiteRunner.runTest(SuiteRunner.java:359)
	at org.testng.SuiteRunner.runSequentially(SuiteRunner.java:354)
	at org.testng.SuiteRunner.privateRun(SuiteRunner.java:312)
	at org.testng.SuiteRunner.run(SuiteRunner.java:261)
	at org.testng.SuiteRunnerWorker.runSuite(SuiteRunnerWorker.java:52)
	at org.testng.SuiteRunnerWorker.run(SuiteRunnerWorker.java:86)
	at org.testng.TestNG.runSuitesSequentially(TestNG.java:1185)
	at org.testng.TestNG.runSuitesLocally(TestNG.java:1110)
	at org.testng.TestNG.run(TestNG.java:1018)
	at org.testng.remote.RemoteTestNG.run(RemoteTestNG.java:112)
	at org.testng.remote.RemoteTestNG.initAndRun(RemoteTestNG.java:205)
	at org.testng.remote.RemoteTestNG.main(RemoteTestNG.java:176)
Caused by: org.hibernate.MappingException: Could not get constructor for org.hibernate.persister.entity.SingleTableEntityPersister
	at org.hibernate.persister.internal.PersisterFactoryImpl.createEntityPersister(PersisterFactoryImpl.java:123)
	at org.hibernate.persister.internal.PersisterFactoryImpl.createEntityPersister(PersisterFactoryImpl.java:77)
	at org.hibernate.internal.SessionFactoryImpl.<init>(SessionFactoryImpl.java:346)
	at org.hibernate.boot.internal.SessionFactoryBuilderImpl.build(SessionFactoryBuilderImpl.java:444)
	at org.hibernate.cfg.Configuration.buildSessionFactory(Configuration.java:708)
	at org.hibernate.cfg.Configuration.buildSessionFactory(Configuration.java:724)
	at com.example.fw.HibernateUtil.buildSessionFactory(HibernateUtil.java:13)
	... 26 more
Caused by: org.hibernate.HibernateException: Unable to instantiate default tuplizer [org.hibernate.tuple.entity.PojoEntityTuplizer]
	at org.hibernate.tuple.entity.EntityTuplizerFactory.constructTuplizer(EntityTuplizerFactory.java:91)
	at org.hibernate.tuple.entity.EntityTuplizerFactory.constructDefaultTuplizer(EntityTuplizerFactory.java:116)
	at org.hibernate.tuple.entity.EntityMetamodel.<init>(EntityMetamodel.java:388)
	at org.hibernate.persister.entity.AbstractEntityPersister.<init>(AbstractEntityPersister.java:508)
	at org.hibernate.persister.entity.SingleTableEntityPersister.<init>(SingleTableEntityPersister.java:124)
	at sun.reflect.NativeConstructorAccessorImpl.newInstance0(Native Method)
	at sun.reflect.NativeConstructorAccessorImpl.newInstance(Unknown Source)
	at sun.reflect.DelegatingConstructorAccessorImpl.newInstance(Unknown Source)
	at java.lang.reflect.Constructor.newInstance(Unknown Source)
	at org.hibernate.persister.internal.PersisterFactoryImpl.createEntityPersister(PersisterFactoryImpl.java:96)
	... 32 more
Caused by: java.lang.reflect.InvocationTargetException
	at sun.reflect.NativeConstructorAccessorImpl.newInstance0(Native Method)
	at sun.reflect.NativeConstructorAccessorImpl.newInstance(Unknown Source)
	at sun.reflect.DelegatingConstructorAccessorImpl.newInstance(Unknown Source)
	at java.lang.reflect.Constructor.newInstance(Unknown Source)
	at org.hibernate.tuple.entity.EntityTuplizerFactory.constructTuplizer(EntityTuplizerFactory.java:88)
	... 41 more
Caused by: org.hibernate.PropertyNotFoundException: Could not locate getter method for property [com.example.tests.ContactData#bDay]
	at org.hibernate.internal.util.ReflectHelper.findGetterMethod(ReflectHelper.java:400)
	at org.hibernate.property.access.internal.PropertyAccessBasicImpl.<init>(PropertyAccessBasicImpl.java:41)
	at org.hibernate.property.access.internal.PropertyAccessStrategyBasicImpl.buildPropertyAccess(PropertyAccessStrategyBasicImpl.java:27)
	at org.hibernate.mapping.Property.getGetter(Property.java:299)
	at org.hibernate.tuple.entity.PojoEntityTuplizer.buildPropertyGetter(PojoEntityTuplizer.java:270)
	at org.hibernate.tuple.entity.AbstractEntityTuplizer.<init>(AbstractEntityTuplizer.java:145)
	at org.hibernate.tuple.entity.PojoEntityTuplizer.<init>(PojoEntityTuplizer.java:63)
	... 46 more
]]>
            </full-stacktrace>
          </exception> <!-- java.lang.ExceptionInInitializerError -->
          <reporter-output>
          </reporter-output>
        </test-method> <!-- setUp -->
        <test-method status="SKIP" signature="testGroupCreationWithValidDate(com.example.tests.GroupData)[pri:0, instance:com.example.tests.GroupCreationTests@2aafb23c]" name="testGroupCreationWithValidDate" duration-ms="1" started-at="2015-10-28T14:36:04Z" data-provider="groupsFromFile" finished-at="2015-10-28T14:36:04Z">
          <params>
            <param index="0">
              <value>
                <![CDATA[GroupData [name=test-187779000, header=test-1725940652, footer=test-1897768215]]]>
              </value>
            </param>
          </params>
          <reporter-output>
          </reporter-output>
        </test-method> <!-- testGroupCreationWithValidDate -->
        <test-method status="SKIP" signature="testGroupCreationWithValidDate(com.example.tests.GroupData)[pri:0, instance:com.example.tests.GroupCreationTests@2aafb23c]" name="testGroupCreationWithValidDate" duration-ms="1" started-at="2015-10-28T14:36:04Z" data-provider="groupsFromFile" finished-at="2015-10-28T14:36:04Z">
          <params>
            <param index="0">
              <value>
                <![CDATA[GroupData [name=, header=test269204306, footer=]]]>
              </value>
            </param>
          </params>
          <reporter-output>
          </reporter-output>
        </test-method> <!-- testGroupCreationWithValidDate -->
        <test-method status="SKIP" signature="testGroupCreationWithValidDate(com.example.tests.GroupData)[pri:0, instance:com.example.tests.GroupCreationTests@2aafb23c]" name="testGroupCreationWithValidDate" duration-ms="0" started-at="2015-10-28T14:36:04Z" data-provider="groupsFromFile" finished-at="2015-10-28T14:36:04Z">
          <params>
            <param index="0">
              <value>
                <![CDATA[GroupData [name=, header=test817358869, footer=]]]>
              </value>
            </param>
          </params>
          <reporter-output>
          </reporter-output>
        </test-method> <!-- testGroupCreationWithValidDate -->
        <test-method status="SKIP" signature="testGroupCreationWithValidDate(com.example.tests.GroupData)[pri:0, instance:com.example.tests.GroupCreationTests@2aafb23c]" name="testGroupCreationWithValidDate" duration-ms="0" started-at="2015-10-28T14:36:04Z" data-provider="groupsFromFile" finished-at="2015-10-28T14:36:04Z">
          <params>
            <param index="0">
              <value>
                <![CDATA[GroupData [name=test1481458308, header=, footer=]]]>
              </value>
            </param>
          </params>
          <reporter-output>
          </reporter-output>
        </test-method> <!-- testGroupCreationWithValidDate -->
        <test-method status="SKIP" signature="testGroupCreationWithValidDate(com.example.tests.GroupData)[pri:0, instance:com.example.tests.GroupCreationTests@2aafb23c]" name="testGroupCreationWithValidDate" duration-ms="1" started-at="2015-10-28T14:36:04Z" data-provider="groupsFromFile" finished-at="2015-10-28T14:36:04Z">
          <params>
            <param index="0">
              <value>
                <![CDATA[GroupData [name=test-262916633, header=test-1953012522, footer=]]]>
              </value>
            </param>
          </params>
          <reporter-output>
          </reporter-output>
        </test-method> <!-- testGroupCreationWithValidDate -->
        <test-method status="SKIP" signature="testGroupCreationWithValidDate(com.example.tests.GroupData)[pri:0, instance:com.example.tests.GroupCreationTests@2aafb23c]" name="testGroupCreationWithValidDate" duration-ms="0" started-at="2015-10-28T14:36:04Z" data-provider="groupsFromFile" finished-at="2015-10-28T14:36:04Z">
          <params>
            <param index="0">
              <value>
                <![CDATA[GroupData [name=test-1568777181, header=, footer=test1697648198]]]>
              </value>
            </param>
          </params>
          <reporter-output>
          </reporter-output>
        </test-method> <!-- testGroupCreationWithValidDate -->
        <test-method status="SKIP" signature="testGroupCreationWithValidDate(com.example.tests.GroupData)[pri:0, instance:com.example.tests.GroupCreationTests@2aafb23c]" name="testGroupCreationWithValidDate" duration-ms="0" started-at="2015-10-28T14:36:04Z" data-provider="groupsFromFile" finished-at="2015-10-28T14:36:04Z">
          <params>
            <param index="0">
              <value>
                <![CDATA[GroupData [name=test1071839584, header=test-1321854102, footer=test-868575203]]]>
              </value>
            </param>
          </params>
          <reporter-output>
          </reporter-output>
        </test-method> <!-- testGroupCreationWithValidDate -->
        <test-method status="SKIP" signature="testGroupCreationWithValidDate(com.example.tests.GroupData)[pri:0, instance:com.example.tests.GroupCreationTests@2aafb23c]" name="testGroupCreationWithValidDate" duration-ms="0" started-at="2015-10-28T14:36:04Z" data-provider="groupsFromFile" finished-at="2015-10-28T14:36:04Z">
          <params>
            <param index="0">
              <value>
                <![CDATA[GroupData [name=test1166151675, header=test-2046113726, footer=test1192025033]]]>
              </value>
            </param>
          </params>
          <reporter-output>
          </reporter-output>
        </test-method> <!-- testGroupCreationWithValidDate -->
        <test-method status="SKIP" signature="testGroupCreationWithValidDate(com.example.tests.GroupData)[pri:0, instance:com.example.tests.GroupCreationTests@2aafb23c]" name="testGroupCreationWithValidDate" duration-ms="0" started-at="2015-10-28T14:36:04Z" data-provider="groupsFromFile" finished-at="2015-10-28T14:36:04Z">
          <params>
            <param index="0">
              <value>
                <![CDATA[GroupData [name=test1062828369, header=, footer=test-997980301]]]>
              </value>
            </param>
          </params>
          <reporter-output>
          </reporter-output>
        </test-method> <!-- testGroupCreationWithValidDate -->
        <test-method status="SKIP" signature="testGroupCreationWithValidDate(com.example.tests.GroupData)[pri:0, instance:com.example.tests.GroupCreationTests@2aafb23c]" name="testGroupCreationWithValidDate" duration-ms="0" started-at="2015-10-28T14:36:04Z" data-provider="groupsFromFile" finished-at="2015-10-28T14:36:04Z">
          <params>
            <param index="0">
              <value>
                <![CDATA[GroupData [name=test-948382892, header=test-1060168292, footer=test654111719]]]>
              </value>
            </param>
          </params>
          <reporter-output>
          </reporter-output>
        </test-method> <!-- testGroupCreationWithValidDate -->
        <test-method status="SKIP" signature="tearDown()[pri:0, instance:com.example.tests.GroupCreationTests@2aafb23c]" name="tearDown" is-config="true" duration-ms="0" started-at="2015-10-28T14:36:04Z" finished-at="2015-10-28T14:36:04Z">
          <reporter-output>
          </reporter-output>
        </test-method> <!-- tearDown -->
      </class> <!-- com.example.tests.GroupCreationTests -->
    </test> <!-- Default test -->
  </suite> <!-- Default suite -->
</testng-results>
