<?xml version="1.0" encoding="UTF-8"?>
<!-- Generated by org.testng.reporters.JUnitXMLReporter -->
<testsuite hostname="Zemlyanskyi" name="Default test" tests="10" failures="0" timestamp="28 Oct 2015 12:36:04 GMT" time="2.857" errors="0">
  <testcase name="@BeforeTest setUp" time="0.0" classname="com.example.tests.GroupCreationTests">
    <failure type="java.lang.ExceptionInInitializerError">
      <![CDATA[java.lang.ExceptionInInitializerError
	at com.example.fw.HibernateUtil.buildSessionFactory(HibernateUtil.java:18)
	at com.example.fw.HibernateUtil.<clinit>(HibernateUtil.java:8)
	at com.example.fw.HibernateHelper.listGroups(HibernateHelper.java:17)
	at com.example.fw.ApplicationManager.<init>(ApplicationManager.java:24)
	at com.example.tests.TestBase.setUp(TestBase.java:29)
	at sun.reflect.NativeMethodAccessorImpl.invoke0(Native Method)
	at sun.reflect.NativeMethodAccessorImpl.invoke(Unknown Source)
	at sun.reflect.DelegatingMethodAccessorImpl.invoke(Unknown Source)
	at java.lang.reflect.Method.invoke(Unknown Source)
	at org.testng.internal.MethodInvocationHelper.invokeMethod(MethodInvocationHelper.java:85)
	at org.testng.internal.Invoker.invokeConfigurationMethod(Invoker.java:510)
	at org.testng.internal.Invoker.invokeConfigurations(Invoker.java:211)
	at org.testng.internal.Invoker.invokeConfigurations(Invoker.java:138)
	at org.testng.TestRunner.beforeRun(TestRunner.java:647)
	at org.testng.TestRunner.run(TestRunner.java:615)
	at org.testng.SuiteRunner.runTest(SuiteRunner.java:359)
	at org.testng.SuiteRunner.runSequentially(SuiteRunner.java:354)
	at org.testng.SuiteRunner.privateRun(SuiteRunner.java:312)
	at org.testng.SuiteRunner.run(SuiteRunner.java:261)
	at org.testng.SuiteRunnerWorker.runSuite(SuiteRunnerWorker.java:52)
	at org.testng.SuiteRunnerWorker.run(SuiteRunnerWorker.java:86)
	at org.testng.TestNG.runSuitesSequentially(TestNG.java:1185)
	at org.testng.TestNG.runSuitesLocally(TestNG.java:1110)
	at org.testng.TestNG.run(TestNG.java:1018)
	at org.testng.remote.RemoteTestNG.run(RemoteTestNG.java:112)
	at org.testng.remote.RemoteTestNG.initAndRun(RemoteTestNG.java:205)
	at org.testng.remote.RemoteTestNG.main(RemoteTestNG.java:176)
Caused by: org.hibernate.MappingException: Could not get constructor for org.hibernate.persister.entity.SingleTableEntityPersister
	at org.hibernate.persister.internal.PersisterFactoryImpl.createEntityPersister(PersisterFactoryImpl.java:123)
	at org.hibernate.persister.internal.PersisterFactoryImpl.createEntityPersister(PersisterFactoryImpl.java:77)
	at org.hibernate.internal.SessionFactoryImpl.<init>(SessionFactoryImpl.java:346)
	at org.hibernate.boot.internal.SessionFactoryBuilderImpl.build(SessionFactoryBuilderImpl.java:444)
	at org.hibernate.cfg.Configuration.buildSessionFactory(Configuration.java:708)
	at org.hibernate.cfg.Configuration.buildSessionFactory(Configuration.java:724)
	at com.example.fw.HibernateUtil.buildSessionFactory(HibernateUtil.java:13)
	... 26 more
Caused by: org.hibernate.HibernateException: Unable to instantiate default tuplizer [org.hibernate.tuple.entity.PojoEntityTuplizer]
	at org.hibernate.tuple.entity.EntityTuplizerFactory.constructTuplizer(EntityTuplizerFactory.java:91)
	at org.hibernate.tuple.entity.EntityTuplizerFactory.constructDefaultTuplizer(EntityTuplizerFactory.java:116)
	at org.hibernate.tuple.entity.EntityMetamodel.<init>(EntityMetamodel.java:388)
	at org.hibernate.persister.entity.AbstractEntityPersister.<init>(AbstractEntityPersister.java:508)
	at org.hibernate.persister.entity.SingleTableEntityPersister.<init>(SingleTableEntityPersister.java:124)
	at sun.reflect.NativeConstructorAccessorImpl.newInstance0(Native Method)
	at sun.reflect.NativeConstructorAccessorImpl.newInstance(Unknown Source)
	at sun.reflect.DelegatingConstructorAccessorImpl.newInstance(Unknown Source)
	at java.lang.reflect.Constructor.newInstance(Unknown Source)
	at org.hibernate.persister.internal.PersisterFactoryImpl.createEntityPersister(PersisterFactoryImpl.java:96)
	... 32 more
Caused by: java.lang.reflect.InvocationTargetException
	at sun.reflect.NativeConstructorAccessorImpl.newInstance0(Native Method)
	at sun.reflect.NativeConstructorAccessorImpl.newInstance(Unknown Source)
	at sun.reflect.DelegatingConstructorAccessorImpl.newInstance(Unknown Source)
	at java.lang.reflect.Constructor.newInstance(Unknown Source)
	at org.hibernate.tuple.entity.EntityTuplizerFactory.constructTuplizer(EntityTuplizerFactory.java:88)
	... 41 more
Caused by: org.hibernate.PropertyNotFoundException: Could not locate getter method for property [com.example.tests.ContactData#bDay]
	at org.hibernate.internal.util.ReflectHelper.findGetterMethod(ReflectHelper.java:400)
	at org.hibernate.property.access.internal.PropertyAccessBasicImpl.<init>(PropertyAccessBasicImpl.java:41)
	at org.hibernate.property.access.internal.PropertyAccessStrategyBasicImpl.buildPropertyAccess(PropertyAccessStrategyBasicImpl.java:27)
	at org.hibernate.mapping.Property.getGetter(Property.java:299)
	at org.hibernate.tuple.entity.PojoEntityTuplizer.buildPropertyGetter(PojoEntityTuplizer.java:270)
	at org.hibernate.tuple.entity.AbstractEntityTuplizer.<init>(AbstractEntityTuplizer.java:145)
	at org.hibernate.tuple.entity.PojoEntityTuplizer.<init>(PojoEntityTuplizer.java:63)
	... 46 more
]]>
    </failure>
  </testcase> <!-- @BeforeTest setUp -->
  <testcase name="@AfterTest tearDown" time="0.0" classname="com.example.tests.GroupCreationTests">
    <skipped/>
  </testcase> <!-- @AfterTest tearDown -->
  <testcase name="testGroupCreationWithValidDate" time="0.001" classname="com.example.tests.GroupCreationTests">
    <skipped/>
  </testcase> <!-- testGroupCreationWithValidDate -->
  <testcase name="testGroupCreationWithValidDate" time="0.001" classname="com.example.tests.GroupCreationTests">
    <skipped/>
  </testcase> <!-- testGroupCreationWithValidDate -->
  <testcase name="testGroupCreationWithValidDate" time="0.0" classname="com.example.tests.GroupCreationTests">
    <skipped/>
  </testcase> <!-- testGroupCreationWithValidDate -->
  <testcase name="testGroupCreationWithValidDate" time="0.0" classname="com.example.tests.GroupCreationTests">
    <skipped/>
  </testcase> <!-- testGroupCreationWithValidDate -->
  <testcase name="testGroupCreationWithValidDate" time="0.001" classname="com.example.tests.GroupCreationTests">
    <skipped/>
  </testcase> <!-- testGroupCreationWithValidDate -->
  <testcase name="testGroupCreationWithValidDate" time="0.0" classname="com.example.tests.GroupCreationTests">
    <skipped/>
  </testcase> <!-- testGroupCreationWithValidDate -->
  <testcase name="testGroupCreationWithValidDate" time="0.0" classname="com.example.tests.GroupCreationTests">
    <skipped/>
  </testcase> <!-- testGroupCreationWithValidDate -->
  <testcase name="testGroupCreationWithValidDate" time="0.0" classname="com.example.tests.GroupCreationTests">
    <skipped/>
  </testcase> <!-- testGroupCreationWithValidDate -->
  <testcase name="testGroupCreationWithValidDate" time="0.0" classname="com.example.tests.GroupCreationTests">
    <skipped/>
  </testcase> <!-- testGroupCreationWithValidDate -->
  <testcase name="testGroupCreationWithValidDate" time="0.0" classname="com.example.tests.GroupCreationTests">
    <skipped/>
  </testcase> <!-- testGroupCreationWithValidDate -->
</testsuite> <!-- Default test -->
